Arguments: 
  D:\node\node.exe C:\Program Files (x86)\Yarn\bin\yarn.js add node-coveralls

PATH: 
  D:\Git\mingw64\bin;D:\Git\usr\bin;C:\Users\dell\bin;C:\Program Files\Java\jdk-10.0.1\bin;C:\Program Files\Java\jre-10.0.1\bin;D:\node;D:\Git\cmd;C:\WINDOWS\system32;C:\WINDOWS;C:\WINDOWS\System32\Wbem;C:\WINDOWS\System32\WindowsPowerShell\v1.0;C:\WINDOWS\System32\OpenSSH;C:\Program Files (x86)\Yarn\bin;D:\Microsoft VS Code\bin;C:\Users\dell\AppData\Local\Programs\Python\Python37\Scripts;C:\Users\dell\AppData\Local\Programs\Python\Python37;C:\Users\dell\AppData\Local\Microsoft\WindowsApps;C:\Users\dell\AppData\Roaming\npm;C:\Users\dell\AppData\Local\Yarn\bin;D:\IntelliJ IDEA 2018.1.4\plugins\maven\lib\maven3\bin

Yarn version: 
  1.7.0

Node version: 
  8.11.2

Platform: 
  win32 x64

Trace: 
  Error: https://registry.yarnpkg.com/node-coveralls: Not found
      at Request.params.callback [as _callback] (C:\Program Files (x86)\Yarn\lib\cli.js:65656:18)
      at Request.self.callback (C:\Program Files (x86)\Yarn\lib\cli.js:134675:22)
      at emitTwo (events.js:126:13)
      at Request.emit (events.js:214:7)
      at Request.<anonymous> (C:\Program Files (x86)\Yarn\lib\cli.js:135658:10)
      at emitOne (events.js:116:13)
      at Request.emit (events.js:211:7)
      at IncomingMessage.<anonymous> (C:\Program Files (x86)\Yarn\lib\cli.js:135578:12)
      at Object.onceWrapper (events.js:313:30)
      at emitNone (events.js:111:20)

npm manifest: 
  {
    "name": "reveal.js",
    "version": "3.7.0",
    "description": "The HTML Presentation Framework",
    "homepage": "http://revealjs.com",
    "subdomain": "revealjs",
    "main": "js/reveal.js",
    "scripts": {
      "test": "grunt test",
      "start": "grunt serve",
      "build": "grunt"
    },
    "author": {
      "name": "Hakim El Hattab",
      "email": "hakim.elhattab@gmail.com",
      "web": "http://hakim.se"
    },
    "repository": {
      "type": "git",
      "url": "git://github.com/hakimel/reveal.js.git"
    },
    "engines": {
      "node": ">=4.0.0"
    },
    "devDependencies": {
      "coveralls": "^3.0.3",
      "express": "^4.16.2",
      "grunt": "^1.0.1",
      "grunt-autoprefixer": "^3.0.4",
      "grunt-cli": "^1.2.0",
      "grunt-contrib-connect": "^1.0.2",
      "grunt-contrib-cssmin": "^2.2.1",
      "grunt-contrib-jshint": "^1.1.0",
      "grunt-contrib-qunit": "^2.0.0",
      "grunt-contrib-uglify": "^3.3.0",
      "grunt-contrib-watch": "^1.0.0",
      "grunt-retire": "^1.0.7",
      "grunt-sass": "^2.0.0",
      "grunt-zip": "~0.17.1",
      "istanbul": "^0.4.5",
      "mustache": "^2.3.0",
      "socket.io": "^1.7.3"
    },
    "license": "MIT"
  }

yarn manifest: 
  No manifest

Lockfile: 
  No lockfile
